Using pre-set license
Pro License: NO

 COMMAND LINE ARGUMENTS:
/Applications/Unity/Hub/Editor/2021.1.16f1/Unity.app/Contents/MacOS/Unity
-adb2
-batchMode
-noUpm
-name
AssetImportWorker0
-projectPath
/Users/nikitapestov/Documents/Ninja 2.0/_Unity Teleport Ninja
-logFile
Logs/AssetImportWorker0.log
-srvPort
59741
Successfully changed project path to: /Users/nikitapestov/Documents/Ninja 2.0/_Unity Teleport Ninja
/Users/nikitapestov/Documents/Ninja 2.0/_Unity Teleport Ninja
Using Asset Import Pipeline V2.
Refreshing native plugins compatible for Editor in 1044.05 ms, found 4 plugins.
Preloading 0 native plugins for Editor in 0.00 ms.
Initialize engine version: 2021.1.16f1 (5fa502fca597)
[Subsystems] Discovering subsystems at path /Applications/Unity/Hub/Editor/2021.1.16f1/Unity.app/Contents/Resources/UnitySubsystems
[Subsystems] Discovering subsystems at path /Users/nikitapestov/Documents/Ninja 2.0/_Unity Teleport Ninja/Assets
GfxDevice: creating device client; threaded=0; jobified=0
2022-04-03 22:46:06.507 Unity[93485:1769893] Color LCD preferred device: Intel(R) Iris(TM) Plus Graphics 650 (low power)
2022-04-03 22:46:06.507 Unity[93485:1769893] Metal devices available: 1
2022-04-03 22:46:06.507 Unity[93485:1769893] 0: Intel(R) Iris(TM) Plus Graphics 650 (low power)
2022-04-03 22:46:06.507 Unity[93485:1769893] Using device Intel(R) Iris(TM) Plus Graphics 650 (low power)
Initializing Metal device caps: Intel(R) Iris(TM) Plus Graphics 650
Initialize mono
Mono path[0] = '/Applications/Unity/Hub/Editor/2021.1.16f1/Unity.app/Contents/Managed'
Mono path[1] = '/Applications/Unity/Hub/Editor/2021.1.16f1/Unity.app/Contents/MonoBleedingEdge/lib/mono/unityjit'
Mono config path = '/Applications/Unity/Hub/Editor/2021.1.16f1/Unity.app/Contents/MonoBleedingEdge/etc'
Using monoOptions --debugger-agent=transport=dt_socket,embedding=1,server=y,suspend=n,address=127.0.0.1:56485
Begin MonoManager ReloadAssembly
Registering precompiled unity dll's ...
Register platform support module: /Applications/Unity/Hub/Editor/2021.1.16f1/Unity.app/Contents/PlaybackEngines/MacStandaloneSupport/UnityEditor.OSXStandalone.Extensions.dll
Registered in 0.001899 seconds.
Native extension for OSXStandalone target not found
Refreshing native plugins compatible for Editor in 149.21 ms, found 4 plugins.
Preloading 0 native plugins for Editor in 0.00 ms.
Mono: successfully reloaded assembly
- Completed reload, in 15.829 seconds
Domain Reload Profiling:
	ReloadAssembly (15830ms)
		BeginReloadAssembly (224ms)
			ExecutionOrderSort (0ms)
			DisableScriptedObjects (0ms)
			BackupInstance (0ms)
			ReleaseScriptingObjects (0ms)
			CreateAndSetChildDomain (2ms)
		EndReloadAssembly (1534ms)
			LoadAssemblies (301ms)
			RebuildTransferFunctionScriptingTraits (52ms)
			SetupTypeCache (632ms)
			ReleaseScriptCaches (0ms)
			RebuildScriptCaches (95ms)
			SetupLoadedEditorAssemblies (555ms)
				LogAssemblyErrors (0ms)
				InitializePlatformSupportModulesInManaged (17ms)
				SetLoadedEditorAssemblies (1ms)
				RefreshPlugins (149ms)
				BeforeProcessingInitializeOnLoad (4ms)
				ProcessInitializeOnLoadAttributes (302ms)
				ProcessInitializeOnLoadMethodAttributes (81ms)
				AfterProcessingInitializeOnLoad (0ms)
				EditorAssembliesLoaded (1ms)
			ExecutionOrderSort2 (0ms)
			AwakeInstancesAfterBackupRestoration (0ms)
Platform modules already initialized, skipping
Registering precompiled user dll's ...
Registered in 0.046375 seconds.
